2024-08-03 18:30:00,578 [Worker-6: Loading available Gradle versions] INFO  o.e.b.c.i.u.g.PublishedGradleVersions - Gradle version information cache is up-to-date. Trying to read.
2024-08-03 18:31:51,362 [Worker-16: Importing Maven projects] INFO  o.e.m.c.i.e.AbstractTransferListenerAdapter - Downloading https://repo.maven.apache.org/maven2/org/apache/maven/plugins/maven-deploy-plugin/3.1.1/maven-deploy-plugin-3.1.1.jar
2024-08-03 18:31:51,406 [Worker-16: Importing Maven projects] INFO  o.e.m.c.i.e.AbstractTransferListenerAdapter - Downloaded https://repo.maven.apache.org/maven2/org/apache/maven/plugins/maven-deploy-plugin/3.1.1/maven-deploy-plugin-3.1.1.jar
2024-08-03 18:31:51,486 [Worker-16: Importing Maven projects] INFO  o.e.m.c.i.e.AbstractTransferListenerAdapter - Downloading https://repo.maven.apache.org/maven2/org/apache/maven/plugins/maven-site-plugin/3.12.1/maven-site-plugin-3.12.1.jar
2024-08-03 18:31:51,550 [Worker-16: Importing Maven projects] INFO  o.e.m.c.i.e.AbstractTransferListenerAdapter - Downloaded https://repo.maven.apache.org/maven2/org/apache/maven/plugins/maven-site-plugin/3.12.1/maven-site-plugin-3.12.1.jar
2024-08-03 18:31:52,368 [Worker-16: Importing Maven projects] INFO  o.e.m.c.i.l.LifecycleMappingFactory - Using org.maven.ide.eclipse.wtp.WarLifecycleMapping lifecycle mapping for MavenProject: com.example:donation:1.0-SNAPSHOT @ D:\study_2024\survey\Donation\pom.xml.
2024-08-03 18:31:54,331 [Worker-16: Importing Maven projects] INFO  o.e.m.j.i.AbstractJavaProjectConfigurator - Adding source folder /Donation/src/main/java
2024-08-03 18:31:54,331 [Worker-16: Importing Maven projects] INFO  o.e.m.j.i.AbstractJavaProjectConfigurator - Adding resource folder /Donation/src/main/resources
2024-08-03 18:31:54,333 [Worker-16: Importing Maven projects] INFO  o.e.m.j.i.AbstractJavaProjectConfigurator - Adding source folder /Donation/src/test/java
2024-08-03 18:31:54,334 [Worker-16: Importing Maven projects] INFO  o.e.m.j.i.AbstractJavaProjectConfigurator - Adding resource folder /Donation/src/test/resources
2024-08-03 18:31:55,128 [Worker-25: Download sources and javadoc] INFO  o.e.m.c.i.e.AbstractTransferListenerAdapter - Downloading https://repo.maven.apache.org/maven2/javax/servlet/javax.servlet-api/4.0.1/javax.servlet-api-4.0.1-sources.jar
2024-08-03 18:31:55,202 [Worker-25: Download sources and javadoc] INFO  o.e.m.c.i.e.AbstractTransferListenerAdapter - Downloaded https://repo.maven.apache.org/maven2/javax/servlet/javax.servlet-api/4.0.1/javax.servlet-api-4.0.1-sources.jar
2024-08-03 18:31:55,212 [Worker-25: Download sources and javadoc] INFO  o.e.m.j.internal.DownloadSourcesJob - Downloaded sources for javax.servlet:javax.servlet-api:4.0.1
2024-08-03 18:32:00,410 [Worker-16: Importing Maven projects] INFO  o.e.m.c.i.p.ProjectConfigurationManager - Imported and configured 1 project(s) in 12 sec
2024-08-03 18:32:01,489 [Worker-23: Building Project Donation] WARN  o.a.m.s.f.DefaultMavenResourcesFiltering - Using platform encoding (MS949 actually) to copy filtered resources, i.e. build is platform dependent!
2024-08-03 18:32:01,493 [Worker-23: Building Project Donation] INFO  o.a.m.s.f.DefaultMavenResourcesFiltering - skip non existing resourceDirectory D:\study_2024\survey\Donation\src\main\resources
2024-08-03 18:32:01,500 [Worker-23: Building Project Donation] WARN  o.a.m.s.f.DefaultMavenResourcesFiltering - Using platform encoding (MS949 actually) to copy filtered resources, i.e. build is platform dependent!
2024-08-03 18:32:01,501 [Worker-23: Building Project Donation] INFO  o.a.m.s.f.DefaultMavenResourcesFiltering - skip non existing resourceDirectory D:\study_2024\survey\Donation\src\test\resources
2024-08-03 18:33:57,476 [Worker-28: Cleaning all projects] INFO  o.e.m.w.i.f.ResourceFilteringBuildParticipant - Cleaning filtered folder for Donation
2024-08-03 18:33:57,802 [Worker-24: Building] WARN  o.a.m.s.f.DefaultMavenResourcesFiltering - Using platform encoding (MS949 actually) to copy filtered resources, i.e. build is platform dependent!
2024-08-03 18:33:57,804 [Worker-24: Building] INFO  o.a.m.s.f.DefaultMavenResourcesFiltering - skip non existing resourceDirectory D:\study_2024\survey\Donation\src\main\resources
2024-08-03 18:33:57,808 [Worker-24: Building] WARN  o.a.m.s.f.DefaultMavenResourcesFiltering - Using platform encoding (MS949 actually) to copy filtered resources, i.e. build is platform dependent!
2024-08-03 18:33:57,810 [Worker-24: Building] INFO  o.a.m.s.f.DefaultMavenResourcesFiltering - skip non existing resourceDirectory D:\study_2024\survey\Donation\src\test\resources
2024-08-03 18:33:57,811 [Worker-24: Building] INFO  o.e.m.w.i.f.ResourceFilteringBuildParticipant - Changed resources require a complete clean of filtered resources of Donation
2024-08-03 18:33:57,811 [Worker-24: Building] INFO  o.e.m.w.i.f.ResourceFilteringBuildParticipant - Executing resource filtering for Donation
2024-08-03 20:54:26,097 [Worker-29: Building] WARN  o.a.m.s.f.DefaultMavenResourcesFiltering - Using platform encoding (MS949 actually) to copy filtered resources, i.e. build is platform dependent!
2024-08-03 20:54:26,098 [Worker-29: Building] INFO  o.a.m.s.f.DefaultMavenResourcesFiltering - skip non existing resourceDirectory D:\study_2024\survey\Donation\src\main\resources
2024-08-03 20:54:26,102 [Worker-29: Building] WARN  o.a.m.s.f.DefaultMavenResourcesFiltering - Using platform encoding (MS949 actually) to copy filtered resources, i.e. build is platform dependent!
2024-08-03 20:54:26,104 [Worker-29: Building] INFO  o.a.m.s.f.DefaultMavenResourcesFiltering - skip non existing resourceDirectory D:\study_2024\survey\Donation\src\test\resources
2024-08-03 20:54:45,228 [Worker-30: Building] WARN  o.a.m.s.f.DefaultMavenResourcesFiltering - Using platform encoding (MS949 actually) to copy filtered resources, i.e. build is platform dependent!
2024-08-03 20:54:45,229 [Worker-30: Building] INFO  o.a.m.s.f.DefaultMavenResourcesFiltering - skip non existing resourceDirectory D:\study_2024\survey\Donation\src\main\resources
2024-08-03 20:54:45,233 [Worker-30: Building] WARN  o.a.m.s.f.DefaultMavenResourcesFiltering - Using platform encoding (MS949 actually) to copy filtered resources, i.e. build is platform dependent!
2024-08-03 20:54:45,234 [Worker-30: Building] INFO  o.a.m.s.f.DefaultMavenResourcesFiltering - skip non existing resourceDirectory D:\study_2024\survey\Donation\src\test\resources
2024-08-03 20:57:18,911 [Worker-38: Building] INFO  o.e.m.c.i.l.LifecycleMappingFactory - Using org.maven.ide.eclipse.wtp.WarLifecycleMapping lifecycle mapping for MavenProject: com.example:donation:1.0-SNAPSHOT @ D:\study_2024\survey\donation\pom.xml.
2024-08-03 20:57:20,083 [Worker-38: Building] WARN  o.a.m.s.f.DefaultMavenResourcesFiltering - Using platform encoding (MS949 actually) to copy filtered resources, i.e. build is platform dependent!
2024-08-03 20:57:20,085 [Worker-38: Building] INFO  o.a.m.s.f.DefaultMavenResourcesFiltering - skip non existing resourceDirectory D:\study_2024\survey\donation\src\main\resources
2024-08-03 20:57:20,091 [Worker-38: Building] WARN  o.a.m.s.f.DefaultMavenResourcesFiltering - Using platform encoding (MS949 actually) to copy filtered resources, i.e. build is platform dependent!
2024-08-03 20:57:20,093 [Worker-38: Building] INFO  o.a.m.s.f.DefaultMavenResourcesFiltering - skip non existing resourceDirectory D:\study_2024\survey\donation\src\test\resources
2024-08-03 20:57:56,933 [Worker-36: Building] WARN  o.a.m.s.f.DefaultMavenResourcesFiltering - Using platform encoding (MS949 actually) to copy filtered resources, i.e. build is platform dependent!
2024-08-03 20:57:56,935 [Worker-36: Building] INFO  o.a.m.s.f.DefaultMavenResourcesFiltering - skip non existing resourceDirectory D:\study_2024\survey\donation\src\main\resources
2024-08-03 20:57:56,939 [Worker-36: Building] WARN  o.a.m.s.f.DefaultMavenResourcesFiltering - Using platform encoding (MS949 actually) to copy filtered resources, i.e. build is platform dependent!
2024-08-03 20:57:56,940 [Worker-36: Building] INFO  o.a.m.s.f.DefaultMavenResourcesFiltering - skip non existing resourceDirectory D:\study_2024\survey\donation\src\test\resources
2024-08-03 20:58:42,276 [Worker-28: Building] WARN  o.a.m.s.f.DefaultMavenResourcesFiltering - Using platform encoding (MS949 actually) to copy filtered resources, i.e. build is platform dependent!
2024-08-03 20:58:42,279 [Worker-28: Building] INFO  o.a.m.s.f.DefaultMavenResourcesFiltering - skip non existing resourceDirectory D:\study_2024\survey\donation\src\main\resources
2024-08-03 20:58:42,283 [Worker-28: Building] WARN  o.a.m.s.f.DefaultMavenResourcesFiltering - Using platform encoding (MS949 actually) to copy filtered resources, i.e. build is platform dependent!
2024-08-03 20:58:42,284 [Worker-28: Building] INFO  o.a.m.s.f.DefaultMavenResourcesFiltering - skip non existing resourceDirectory D:\study_2024\survey\donation\src\test\resources
2024-08-03 21:00:31,437 [Worker-36: Building] WARN  o.a.m.s.f.DefaultMavenResourcesFiltering - Using platform encoding (MS949 actually) to copy filtered resources, i.e. build is platform dependent!
2024-08-03 21:00:31,438 [Worker-36: Building] INFO  o.a.m.s.f.DefaultMavenResourcesFiltering - skip non existing resourceDirectory D:\study_2024\survey\donation\src\main\resources
2024-08-03 21:00:31,441 [Worker-36: Building] WARN  o.a.m.s.f.DefaultMavenResourcesFiltering - Using platform encoding (MS949 actually) to copy filtered resources, i.e. build is platform dependent!
2024-08-03 21:00:31,442 [Worker-36: Building] INFO  o.a.m.s.f.DefaultMavenResourcesFiltering - skip non existing resourceDirectory D:\study_2024\survey\donation\src\test\resources
2024-08-03 21:02:57,588 [Worker-28: Building] WARN  o.a.m.s.f.DefaultMavenResourcesFiltering - Using platform encoding (MS949 actually) to copy filtered resources, i.e. build is platform dependent!
2024-08-03 21:02:57,590 [Worker-28: Building] INFO  o.a.m.s.f.DefaultMavenResourcesFiltering - skip non existing resourceDirectory D:\study_2024\survey\donation\src\main\resources
2024-08-03 21:02:57,593 [Worker-28: Building] WARN  o.a.m.s.f.DefaultMavenResourcesFiltering - Using platform encoding (MS949 actually) to copy filtered resources, i.e. build is platform dependent!
2024-08-03 21:02:57,595 [Worker-28: Building] INFO  o.a.m.s.f.DefaultMavenResourcesFiltering - skip non existing resourceDirectory D:\study_2024\survey\donation\src\test\resources
2024-08-03 21:07:16,568 [Worker-2: Loading available Gradle versions] INFO  o.e.b.c.i.u.g.PublishedGradleVersions - Gradle version information cache is up-to-date. Trying to read.
2024-08-03 21:15:32,290 [Worker-20: Building] INFO  o.e.m.c.i.l.LifecycleMappingFactory - Using org.maven.ide.eclipse.wtp.WarLifecycleMapping lifecycle mapping for MavenProject: com.example:donation:1.0-SNAPSHOT @ D:\study_2024\survey\donation\pom.xml.
2024-08-03 21:15:32,509 [Worker-20: Building] INFO  o.e.m.c.i.e.AbstractTransferListenerAdapter - Downloading https://repo.maven.apache.org/maven2/com/oracle/database/jdbc/ojdbc11/21.5.0.0/ojdbc11-21.5.0.0.pom
2024-08-03 21:15:32,527 [Worker-20: Building] INFO  o.e.m.c.i.e.AbstractTransferListenerAdapter - Downloaded https://repo.maven.apache.org/maven2/com/oracle/database/jdbc/ojdbc11/21.5.0.0/ojdbc11-21.5.0.0.pom
2024-08-03 21:15:32,767 [Worker-20: Building] INFO  o.e.m.c.i.e.AbstractTransferListenerAdapter - Downloading https://repo.maven.apache.org/maven2/com/oracle/database/jdbc/ojdbc11/21.5.0.0/ojdbc11-21.5.0.0.jar
2024-08-03 21:15:33,533 [Worker-20: Building] INFO  o.e.m.c.i.e.AbstractTransferListenerAdapter - Downloaded https://repo.maven.apache.org/maven2/com/oracle/database/jdbc/ojdbc11/21.5.0.0/ojdbc11-21.5.0.0.jar
2024-08-03 21:15:34,932 [Worker-20: Building] WARN  o.a.m.s.f.DefaultMavenResourcesFiltering - Using platform encoding (MS949 actually) to copy filtered resources, i.e. build is platform dependent!
2024-08-03 21:15:34,934 [Worker-20: Building] INFO  o.a.m.s.f.DefaultMavenResourcesFiltering - skip non existing resourceDirectory D:\study_2024\survey\donation\src\main\resources
2024-08-03 21:15:34,940 [Worker-20: Building] WARN  o.a.m.s.f.DefaultMavenResourcesFiltering - Using platform encoding (MS949 actually) to copy filtered resources, i.e. build is platform dependent!
2024-08-03 21:15:34,941 [Worker-20: Building] INFO  o.a.m.s.f.DefaultMavenResourcesFiltering - skip non existing resourceDirectory D:\study_2024\survey\donation\src\test\resources
2024-08-03 21:15:34,945 [Worker-20: Building] INFO  o.e.m.w.i.f.ResourceFilteringBuildParticipant - Changed resources require a complete clean of filtered resources of donation
2024-08-03 21:15:34,946 [Worker-20: Building] INFO  o.e.m.w.i.f.ResourceFilteringBuildParticipant - Executing resource filtering for donation
2024-08-03 21:15:35,873 [Worker-11: Download sources and javadoc] INFO  o.e.m.c.i.e.AbstractTransferListenerAdapter - Downloading https://repo.maven.apache.org/maven2/com/oracle/database/jdbc/ojdbc11/21.5.0.0/ojdbc11-21.5.0.0-sources.jar
2024-08-03 21:15:35,915 [Worker-11: Download sources and javadoc] INFO  o.e.m.c.i.e.AbstractTransferListenerAdapter - Downloaded https://repo.maven.apache.org/maven2/com/oracle/database/jdbc/ojdbc11/21.5.0.0/ojdbc11-21.5.0.0-sources.jar
2024-08-03 21:15:35,927 [Worker-11: Download sources and javadoc] INFO  o.e.m.j.internal.DownloadSourcesJob - Downloaded sources for com.oracle.database.jdbc:ojdbc11:21.5.0.0
2024-08-03 21:19:13,184 [Worker-25: Cleaning all projects] INFO  o.e.m.w.i.f.ResourceFilteringBuildParticipant - Cleaning filtered folder for donation
2024-08-03 21:19:13,598 [Worker-25: Building] WARN  o.a.m.s.f.DefaultMavenResourcesFiltering - Using platform encoding (MS949 actually) to copy filtered resources, i.e. build is platform dependent!
2024-08-03 21:19:13,600 [Worker-25: Building] INFO  o.a.m.s.f.DefaultMavenResourcesFiltering - skip non existing resourceDirectory D:\study_2024\survey\donation\src\main\resources
2024-08-03 21:19:13,604 [Worker-25: Building] WARN  o.a.m.s.f.DefaultMavenResourcesFiltering - Using platform encoding (MS949 actually) to copy filtered resources, i.e. build is platform dependent!
2024-08-03 21:19:13,606 [Worker-25: Building] INFO  o.a.m.s.f.DefaultMavenResourcesFiltering - skip non existing resourceDirectory D:\study_2024\survey\donation\src\test\resources
2024-08-03 21:19:13,608 [Worker-25: Building] INFO  o.e.m.w.i.f.ResourceFilteringBuildParticipant - Changed resources require a complete clean of filtered resources of donation
2024-08-03 21:19:13,608 [Worker-25: Building] INFO  o.e.m.w.i.f.ResourceFilteringBuildParticipant - Executing resource filtering for donation
2024-08-03 21:19:19,821 [Worker-25: Launching Executing install in D__study_2024_survey_donation] INFO  o.eclipse.m2e.core.internal.Bundles - getClasspathEntries(Bundle=org.eclipse.m2e.maven.runtime_3.9.400.20230826-0755 [624])
2024-08-03 21:19:19,824 [Worker-25: Launching Executing install in D__study_2024_survey_donation] INFO  o.eclipse.m2e.core.internal.Bundles - 	Entry: C:\eclipse-jee-2023-09-R-win32-x86_64\eclipse\plugins\org.eclipse.m2e.maven.runtime_3.9.400.20230826-0755
2024-08-03 21:19:19,825 [Worker-25: Launching Executing install in D__study_2024_survey_donation] INFO  o.eclipse.m2e.core.internal.Bundles - 	Entry: C:\eclipse-jee-2023-09-R-win32-x86_64\eclipse\plugins\org.eclipse.m2e.maven.runtime_3.9.400.20230826-0755\jars\aether-connector-okhttp-0.17.8.jar
2024-08-03 21:19:19,825 [Worker-25: Launching Executing install in D__study_2024_survey_donation] INFO  o.eclipse.m2e.core.internal.Bundles - 	Entry: C:\eclipse-jee-2023-09-R-win32-x86_64\eclipse\plugins\org.eclipse.m2e.maven.runtime_3.9.400.20230826-0755\jars\aopalliance-1.0.jar
2024-08-03 21:19:19,826 [Worker-25: Launching Executing install in D__study_2024_survey_donation] INFO  o.eclipse.m2e.core.internal.Bundles - 	Entry: C:\eclipse-jee-2023-09-R-win32-x86_64\eclipse\plugins\org.eclipse.m2e.maven.runtime_3.9.400.20230826-0755\jars\commons-lang3-3.12.0.jar
2024-08-03 21:19:19,827 [Worker-25: Launching Executing install in D__study_2024_survey_donation] INFO  o.eclipse.m2e.core.internal.Bundles - 	Entry: C:\eclipse-jee-2023-09-R-win32-x86_64\eclipse\plugins\org.eclipse.m2e.maven.runtime_3.9.400.20230826-0755\jars\guice-5.1.0.jar
2024-08-03 21:19:19,828 [Worker-25: Launching Executing install in D__study_2024_survey_donation] INFO  o.eclipse.m2e.core.internal.Bundles - 	Entry: C:\eclipse-jee-2023-09-R-win32-x86_64\eclipse\plugins\org.eclipse.m2e.maven.runtime_3.9.400.20230826-0755\jars\jansi-2.4.0.jar
2024-08-03 21:19:19,828 [Worker-25: Launching Executing install in D__study_2024_survey_donation] INFO  o.eclipse.m2e.core.internal.Bundles - 	Entry: C:\eclipse-jee-2023-09-R-win32-x86_64\eclipse\plugins\org.eclipse.m2e.maven.runtime_3.9.400.20230826-0755\jars\maven-artifact-3.9.4.jar
2024-08-03 21:19:19,830 [Worker-25: Launching Executing install in D__study_2024_survey_donation] INFO  o.eclipse.m2e.core.internal.Bundles - 	Entry: C:\eclipse-jee-2023-09-R-win32-x86_64\eclipse\plugins\org.eclipse.m2e.maven.runtime_3.9.400.20230826-0755\jars\maven-builder-support-3.9.4.jar
2024-08-03 21:19:19,830 [Worker-25: Launching Executing install in D__study_2024_survey_donation] INFO  o.eclipse.m2e.core.internal.Bundles - 	Entry: C:\eclipse-jee-2023-09-R-win32-x86_64\eclipse\plugins\org.eclipse.m2e.maven.runtime_3.9.400.20230826-0755\jars\maven-compat-3.9.4.jar
2024-08-03 21:19:19,830 [Worker-25: Launching Executing install in D__study_2024_survey_donation] INFO  o.eclipse.m2e.core.internal.Bundles - 	Entry: C:\eclipse-jee-2023-09-R-win32-x86_64\eclipse\plugins\org.eclipse.m2e.maven.runtime_3.9.400.20230826-0755\jars\maven-core-3.9.4.jar
2024-08-03 21:19:19,831 [Worker-25: Launching Executing install in D__study_2024_survey_donation] INFO  o.eclipse.m2e.core.internal.Bundles - 	Entry: C:\eclipse-jee-2023-09-R-win32-x86_64\eclipse\plugins\org.eclipse.m2e.maven.runtime_3.9.400.20230826-0755\jars\maven-embedder-3.9.4.jar
2024-08-03 21:19:19,831 [Worker-25: Launching Executing install in D__study_2024_survey_donation] INFO  o.eclipse.m2e.core.internal.Bundles - 	Entry: C:\eclipse-jee-2023-09-R-win32-x86_64\eclipse\plugins\org.eclipse.m2e.maven.runtime_3.9.400.20230826-0755\jars\maven-model-3.9.4.jar
2024-08-03 21:19:19,832 [Worker-25: Launching Executing install in D__study_2024_survey_donation] INFO  o.eclipse.m2e.core.internal.Bundles - 	Entry: C:\eclipse-jee-2023-09-R-win32-x86_64\eclipse\plugins\org.eclipse.m2e.maven.runtime_3.9.400.20230826-0755\jars\maven-model-builder-3.9.4.jar
2024-08-03 21:19:19,833 [Worker-25: Launching Executing install in D__study_2024_survey_donation] INFO  o.eclipse.m2e.core.internal.Bundles - 	Entry: C:\eclipse-jee-2023-09-R-win32-x86_64\eclipse\plugins\org.eclipse.m2e.maven.runtime_3.9.400.20230826-0755\jars\maven-plugin-api-3.9.4.jar
2024-08-03 21:19:19,834 [Worker-25: Launching Executing install in D__study_2024_survey_donation] INFO  o.eclipse.m2e.core.internal.Bundles - 	Entry: C:\eclipse-jee-2023-09-R-win32-x86_64\eclipse\plugins\org.eclipse.m2e.maven.runtime_3.9.400.20230826-0755\jars\maven-repository-metadata-3.9.4.jar
2024-08-03 21:19:19,835 [Worker-25: Launching Executing install in D__study_2024_survey_donation] INFO  o.eclipse.m2e.core.internal.Bundles - 	Entry: C:\eclipse-jee-2023-09-R-win32-x86_64\eclipse\plugins\org.eclipse.m2e.maven.runtime_3.9.400.20230826-0755\jars\maven-resolver-api-1.9.14.jar
2024-08-03 21:19:19,835 [Worker-25: Launching Executing install in D__study_2024_survey_donation] INFO  o.eclipse.m2e.core.internal.Bundles - 	Entry: C:\eclipse-jee-2023-09-R-win32-x86_64\eclipse\plugins\org.eclipse.m2e.maven.runtime_3.9.400.20230826-0755\jars\maven-resolver-connector-basic-1.9.14.jar
2024-08-03 21:19:19,836 [Worker-25: Launching Executing install in D__study_2024_survey_donation] INFO  o.eclipse.m2e.core.internal.Bundles - 	Entry: C:\eclipse-jee-2023-09-R-win32-x86_64\eclipse\plugins\org.eclipse.m2e.maven.runtime_3.9.400.20230826-0755\jars\maven-resolver-impl-1.9.14.jar
2024-08-03 21:19:19,837 [Worker-25: Launching Executing install in D__study_2024_survey_donation] INFO  o.eclipse.m2e.core.internal.Bundles - 	Entry: C:\eclipse-jee-2023-09-R-win32-x86_64\eclipse\plugins\org.eclipse.m2e.maven.runtime_3.9.400.20230826-0755\jars\maven-resolver-named-locks-1.9.14.jar
2024-08-03 21:19:19,837 [Worker-25: Launching Executing install in D__study_2024_survey_donation] INFO  o.eclipse.m2e.core.internal.Bundles - 	Entry: C:\eclipse-jee-2023-09-R-win32-x86_64\eclipse\plugins\org.eclipse.m2e.maven.runtime_3.9.400.20230826-0755\jars\maven-resolver-provider-3.9.4.jar
2024-08-03 21:19:19,838 [Worker-25: Launching Executing install in D__study_2024_survey_donation] INFO  o.eclipse.m2e.core.internal.Bundles - 	Entry: C:\eclipse-jee-2023-09-R-win32-x86_64\eclipse\plugins\org.eclipse.m2e.maven.runtime_3.9.400.20230826-0755\jars\maven-resolver-spi-1.9.14.jar
2024-08-03 21:19:19,839 [Worker-25: Launching Executing install in D__study_2024_survey_donation] INFO  o.eclipse.m2e.core.internal.Bundles - 	Entry: C:\eclipse-jee-2023-09-R-win32-x86_64\eclipse\plugins\org.eclipse.m2e.maven.runtime_3.9.400.20230826-0755\jars\maven-resolver-transport-wagon-1.9.14.jar
2024-08-03 21:19:19,839 [Worker-25: Launching Executing install in D__study_2024_survey_donation] INFO  o.eclipse.m2e.core.internal.Bundles - 	Entry: C:\eclipse-jee-2023-09-R-win32-x86_64\eclipse\plugins\org.eclipse.m2e.maven.runtime_3.9.400.20230826-0755\jars\maven-resolver-util-1.9.14.jar
2024-08-03 21:19:19,840 [Worker-25: Launching Executing install in D__study_2024_survey_donation] INFO  o.eclipse.m2e.core.internal.Bundles - 	Entry: C:\eclipse-jee-2023-09-R-win32-x86_64\eclipse\plugins\org.eclipse.m2e.maven.runtime_3.9.400.20230826-0755\jars\maven-settings-3.9.4.jar
2024-08-03 21:19:19,840 [Worker-25: Launching Executing install in D__study_2024_survey_donation] INFO  o.eclipse.m2e.core.internal.Bundles - 	Entry: C:\eclipse-jee-2023-09-R-win32-x86_64\eclipse\plugins\org.eclipse.m2e.maven.runtime_3.9.400.20230826-0755\jars\maven-settings-builder-3.9.4.jar
2024-08-03 21:19:19,841 [Worker-25: Launching Executing install in D__study_2024_survey_donation] INFO  o.eclipse.m2e.core.internal.Bundles - 	Entry: C:\eclipse-jee-2023-09-R-win32-x86_64\eclipse\plugins\org.eclipse.m2e.maven.runtime_3.9.400.20230826-0755\jars\maven-shared-utils-3.3.4.jar
2024-08-03 21:19:19,842 [Worker-25: Launching Executing install in D__study_2024_survey_donation] INFO  o.eclipse.m2e.core.internal.Bundles - 	Entry: C:\eclipse-jee-2023-09-R-win32-x86_64\eclipse\plugins\org.eclipse.m2e.maven.runtime_3.9.400.20230826-0755\jars\okhttp-3.14.1.jar
2024-08-03 21:19:19,842 [Worker-25: Launching Executing install in D__study_2024_survey_donation] INFO  o.eclipse.m2e.core.internal.Bundles - 	Entry: C:\eclipse-jee-2023-09-R-win32-x86_64\eclipse\plugins\org.eclipse.m2e.maven.runtime_3.9.400.20230826-0755\jars\okio-1.17.3.jar
2024-08-03 21:19:19,843 [Worker-25: Launching Executing install in D__study_2024_survey_donation] INFO  o.eclipse.m2e.core.internal.Bundles - 	Entry: C:\eclipse-jee-2023-09-R-win32-x86_64\eclipse\plugins\org.eclipse.m2e.maven.runtime_3.9.400.20230826-0755\jars\org.eclipse.sisu.inject-0.3.5.jar
2024-08-03 21:19:19,844 [Worker-25: Launching Executing install in D__study_2024_survey_donation] INFO  o.eclipse.m2e.core.internal.Bundles - 	Entry: C:\eclipse-jee-2023-09-R-win32-x86_64\eclipse\plugins\org.eclipse.m2e.maven.runtime_3.9.400.20230826-0755\jars\org.eclipse.sisu.plexus-0.3.5.jar
2024-08-03 21:19:19,845 [Worker-25: Launching Executing install in D__study_2024_survey_donation] INFO  o.eclipse.m2e.core.internal.Bundles - 	Entry: C:\eclipse-jee-2023-09-R-win32-x86_64\eclipse\plugins\org.eclipse.m2e.maven.runtime_3.9.400.20230826-0755\jars\plexus-build-api-0.0.7.jar
2024-08-03 21:19:19,845 [Worker-25: Launching Executing install in D__study_2024_survey_donation] INFO  o.eclipse.m2e.core.internal.Bundles - 	Entry: C:\eclipse-jee-2023-09-R-win32-x86_64\eclipse\plugins\org.eclipse.m2e.maven.runtime_3.9.400.20230826-0755\jars\plexus-cipher-2.0.jar
2024-08-03 21:19:19,846 [Worker-25: Launching Executing install in D__study_2024_survey_donation] INFO  o.eclipse.m2e.core.internal.Bundles - 	Entry: C:\eclipse-jee-2023-09-R-win32-x86_64\eclipse\plugins\org.eclipse.m2e.maven.runtime_3.9.400.20230826-0755\jars\plexus-classworlds-2.7.0.jar
2024-08-03 21:19:19,846 [Worker-25: Launching Executing install in D__study_2024_survey_donation] INFO  o.eclipse.m2e.core.internal.Bundles - 	Entry: C:\eclipse-jee-2023-09-R-win32-x86_64\eclipse\plugins\org.eclipse.m2e.maven.runtime_3.9.400.20230826-0755\jars\plexus-component-annotations-2.1.0.jar
2024-08-03 21:19:19,847 [Worker-25: Launching Executing install in D__study_2024_survey_donation] INFO  o.eclipse.m2e.core.internal.Bundles - 	Entry: C:\eclipse-jee-2023-09-R-win32-x86_64\eclipse\plugins\org.eclipse.m2e.maven.runtime_3.9.400.20230826-0755\jars\plexus-interpolation-1.26.jar
2024-08-03 21:19:19,847 [Worker-25: Launching Executing install in D__study_2024_survey_donation] INFO  o.eclipse.m2e.core.internal.Bundles - 	Entry: C:\eclipse-jee-2023-09-R-win32-x86_64\eclipse\plugins\org.eclipse.m2e.maven.runtime_3.9.400.20230826-0755\jars\plexus-sec-dispatcher-2.0.jar
2024-08-03 21:19:19,847 [Worker-25: Launching Executing install in D__study_2024_survey_donation] INFO  o.eclipse.m2e.core.internal.Bundles - 	Entry: C:\eclipse-jee-2023-09-R-win32-x86_64\eclipse\plugins\org.eclipse.m2e.maven.runtime_3.9.400.20230826-0755\jars\plexus-utils-3.5.1.jar
2024-08-03 21:19:19,848 [Worker-25: Launching Executing install in D__study_2024_survey_donation] INFO  o.eclipse.m2e.core.internal.Bundles - 	Entry: C:\eclipse-jee-2023-09-R-win32-x86_64\eclipse\plugins\org.eclipse.m2e.maven.runtime_3.9.400.20230826-0755\jars\wagon-file-3.5.3.jar
2024-08-03 21:19:19,849 [Worker-25: Launching Executing install in D__study_2024_survey_donation] INFO  o.eclipse.m2e.core.internal.Bundles - 	Entry: C:\eclipse-jee-2023-09-R-win32-x86_64\eclipse\plugins\org.eclipse.m2e.maven.runtime_3.9.400.20230826-0755\jars\wagon-provider-api-3.5.3.jar
2024-08-03 21:19:19,850 [Worker-25: Launching Executing install in D__study_2024_survey_donation] INFO  o.eclipse.m2e.core.internal.Bundles - getClasspathEntries(Bundle=com.google.guava_32.1.2.jre [12])
2024-08-03 21:19:19,851 [Worker-25: Launching Executing install in D__study_2024_survey_donation] INFO  o.eclipse.m2e.core.internal.Bundles - 	Entry: C:\eclipse-jee-2023-09-R-win32-x86_64\eclipse\plugins\com.google.guava_32.1.2.jre.jar
2024-08-03 21:19:19,851 [Worker-25: Launching Executing install in D__study_2024_survey_donation] INFO  o.eclipse.m2e.core.internal.Bundles - getClasspathEntries(Bundle=slf4j.api_2.0.7 [985])
2024-08-03 21:19:19,852 [Worker-25: Launching Executing install in D__study_2024_survey_donation] INFO  o.eclipse.m2e.core.internal.Bundles - 	Entry: C:\eclipse-jee-2023-09-R-win32-x86_64\eclipse\plugins\slf4j.api_2.0.7.jar
2024-08-03 21:19:19,852 [Worker-25: Launching Executing install in D__study_2024_survey_donation] INFO  o.eclipse.m2e.core.internal.Bundles - getClasspathEntries(Bundle=javax.inject_1.0.0.v20220405-0441 [38])
2024-08-03 21:19:19,853 [Worker-25: Launching Executing install in D__study_2024_survey_donation] INFO  o.eclipse.m2e.core.internal.Bundles - 	Entry: C:\eclipse-jee-2023-09-R-win32-x86_64\eclipse\plugins\javax.inject_1.0.0.v20220405-0441.jar
2024-08-03 21:19:19,853 [Worker-25: Launching Executing install in D__study_2024_survey_donation] INFO  o.eclipse.m2e.core.internal.Bundles - getClasspathEntries(Bundle=javax.annotation_1.3.5.v20200909-1856 [36])
2024-08-03 21:19:19,853 [Worker-25: Launching Executing install in D__study_2024_survey_donation] INFO  o.eclipse.m2e.core.internal.Bundles - 	Entry: C:\eclipse-jee-2023-09-R-win32-x86_64\eclipse\plugins\javax.annotation_1.3.5.v20200909-1856.jar
2024-08-03 21:19:19,853 [Worker-25: Launching Executing install in D__study_2024_survey_donation] INFO  o.eclipse.m2e.core.internal.Bundles - getClasspathEntries(Bundle=org.apache.commons.cli_1.5.0 [73])
2024-08-03 21:19:19,854 [Worker-25: Launching Executing install in D__study_2024_survey_donation] INFO  o.eclipse.m2e.core.internal.Bundles - 	Entry: C:\eclipse-jee-2023-09-R-win32-x86_64\eclipse\plugins\org.apache.commons.cli_1.5.0.jar
2024-08-03 21:19:19,854 [Worker-25: Launching Executing install in D__study_2024_survey_donation] INFO  o.eclipse.m2e.core.internal.Bundles - getClasspathEntries(Bundle=com.google.guava.failureaccess_1.0.1 [14])
2024-08-03 21:19:19,855 [Worker-25: Launching Executing install in D__study_2024_survey_donation] INFO  o.eclipse.m2e.core.internal.Bundles - 	Entry: C:\eclipse-jee-2023-09-R-win32-x86_64\eclipse\plugins\com.google.guava.failureaccess_1.0.1.jar
2024-08-03 21:19:19,861 [Worker-25: Launching Executing install in D__study_2024_survey_donation] INFO  o.e.m.i.launch.MavenLaunchDelegate - Run build in "D:\study_2024\survey\donation":
2024-08-03 21:19:19,862 [Worker-25: Launching Executing install in D__study_2024_survey_donation] INFO  o.e.m.i.launch.MavenLaunchDelegate -  mvn  -B -Dstyle.color=always install
2024-08-03 21:23:19,795 [Worker-31: Building] WARN  o.a.m.s.f.DefaultMavenResourcesFiltering - Using platform encoding (MS949 actually) to copy filtered resources, i.e. build is platform dependent!
2024-08-03 21:23:19,797 [Worker-31: Building] INFO  o.a.m.s.f.DefaultMavenResourcesFiltering - skip non existing resourceDirectory D:\study_2024\survey\donation\src\main\resources
2024-08-03 21:23:19,800 [Worker-31: Building] WARN  o.a.m.s.f.DefaultMavenResourcesFiltering - Using platform encoding (MS949 actually) to copy filtered resources, i.e. build is platform dependent!
2024-08-03 21:23:19,803 [Worker-31: Building] INFO  o.a.m.s.f.DefaultMavenResourcesFiltering - skip non existing resourceDirectory D:\study_2024\survey\donation\src\test\resources
2024-08-03 21:24:22,575 [Worker-35: Building] WARN  o.a.m.s.f.DefaultMavenResourcesFiltering - Using platform encoding (MS949 actually) to copy filtered resources, i.e. build is platform dependent!
2024-08-03 21:24:22,577 [Worker-35: Building] INFO  o.a.m.s.f.DefaultMavenResourcesFiltering - skip non existing resourceDirectory D:\study_2024\survey\donation\src\main\resources
2024-08-03 21:24:22,581 [Worker-35: Building] WARN  o.a.m.s.f.DefaultMavenResourcesFiltering - Using platform encoding (MS949 actually) to copy filtered resources, i.e. build is platform dependent!
2024-08-03 21:24:22,583 [Worker-35: Building] INFO  o.a.m.s.f.DefaultMavenResourcesFiltering - skip non existing resourceDirectory D:\study_2024\survey\donation\src\test\resources
2024-08-03 21:32:23,532 [Worker-39: Building] WARN  o.a.m.s.f.DefaultMavenResourcesFiltering - Using platform encoding (MS949 actually) to copy filtered resources, i.e. build is platform dependent!
2024-08-03 21:32:23,534 [Worker-39: Building] INFO  o.a.m.s.f.DefaultMavenResourcesFiltering - skip non existing resourceDirectory D:\study_2024\survey\donation\src\main\resources
2024-08-03 21:32:23,538 [Worker-39: Building] WARN  o.a.m.s.f.DefaultMavenResourcesFiltering - Using platform encoding (MS949 actually) to copy filtered resources, i.e. build is platform dependent!
2024-08-03 21:32:23,540 [Worker-39: Building] INFO  o.a.m.s.f.DefaultMavenResourcesFiltering - skip non existing resourceDirectory D:\study_2024\survey\donation\src\test\resources
2024-08-03 21:38:36,742 [Worker-40: Building] WARN  o.a.m.s.f.DefaultMavenResourcesFiltering - Using platform encoding (MS949 actually) to copy filtered resources, i.e. build is platform dependent!
2024-08-03 21:38:36,744 [Worker-40: Building] INFO  o.a.m.s.f.DefaultMavenResourcesFiltering - skip non existing resourceDirectory D:\study_2024\survey\donation\src\main\resources
2024-08-03 21:38:36,747 [Worker-40: Building] WARN  o.a.m.s.f.DefaultMavenResourcesFiltering - Using platform encoding (MS949 actually) to copy filtered resources, i.e. build is platform dependent!
2024-08-03 21:38:36,748 [Worker-40: Building] INFO  o.a.m.s.f.DefaultMavenResourcesFiltering - skip non existing resourceDirectory D:\study_2024\survey\donation\src\test\resources
2024-08-03 21:43:06,034 [Worker-38: Building] WARN  o.a.m.s.f.DefaultMavenResourcesFiltering - Using platform encoding (MS949 actually) to copy filtered resources, i.e. build is platform dependent!
2024-08-03 21:43:06,037 [Worker-38: Building] INFO  o.a.m.s.f.DefaultMavenResourcesFiltering - skip non existing resourceDirectory D:\study_2024\survey\donation\src\main\resources
2024-08-03 21:43:06,041 [Worker-38: Building] WARN  o.a.m.s.f.DefaultMavenResourcesFiltering - Using platform encoding (MS949 actually) to copy filtered resources, i.e. build is platform dependent!
2024-08-03 21:43:06,042 [Worker-38: Building] INFO  o.a.m.s.f.DefaultMavenResourcesFiltering - skip non existing resourceDirectory D:\study_2024\survey\donation\src\test\resources
2024-08-03 21:48:55,900 [Worker-43: Building] WARN  o.a.m.s.f.DefaultMavenResourcesFiltering - Using platform encoding (MS949 actually) to copy filtered resources, i.e. build is platform dependent!
2024-08-03 21:48:55,904 [Worker-43: Building] INFO  o.a.m.s.f.DefaultMavenResourcesFiltering - skip non existing resourceDirectory D:\study_2024\survey\donation\src\main\resources
2024-08-03 21:48:55,909 [Worker-43: Building] WARN  o.a.m.s.f.DefaultMavenResourcesFiltering - Using platform encoding (MS949 actually) to copy filtered resources, i.e. build is platform dependent!
2024-08-03 21:48:55,911 [Worker-43: Building] INFO  o.a.m.s.f.DefaultMavenResourcesFiltering - skip non existing resourceDirectory D:\study_2024\survey\donation\src\test\resources
2024-08-03 22:03:28,114 [Worker-57: Building] WARN  o.a.m.s.f.DefaultMavenResourcesFiltering - Using platform encoding (MS949 actually) to copy filtered resources, i.e. build is platform dependent!
2024-08-03 22:03:28,116 [Worker-57: Building] INFO  o.a.m.s.f.DefaultMavenResourcesFiltering - skip non existing resourceDirectory D:\study_2024\survey\donation\src\main\resources
2024-08-03 22:03:28,120 [Worker-57: Building] WARN  o.a.m.s.f.DefaultMavenResourcesFiltering - Using platform encoding (MS949 actually) to copy filtered resources, i.e. build is platform dependent!
2024-08-03 22:03:28,122 [Worker-57: Building] INFO  o.a.m.s.f.DefaultMavenResourcesFiltering - skip non existing resourceDirectory D:\study_2024\survey\donation\src\test\resources
2024-08-03 22:06:42,610 [Worker-61: Building] WARN  o.a.m.s.f.DefaultMavenResourcesFiltering - Using platform encoding (MS949 actually) to copy filtered resources, i.e. build is platform dependent!
2024-08-03 22:06:42,611 [Worker-61: Building] INFO  o.a.m.s.f.DefaultMavenResourcesFiltering - skip non existing resourceDirectory D:\study_2024\survey\donation\src\main\resources
2024-08-03 22:06:42,614 [Worker-61: Building] WARN  o.a.m.s.f.DefaultMavenResourcesFiltering - Using platform encoding (MS949 actually) to copy filtered resources, i.e. build is platform dependent!
2024-08-03 22:06:42,616 [Worker-61: Building] INFO  o.a.m.s.f.DefaultMavenResourcesFiltering - skip non existing resourceDirectory D:\study_2024\survey\donation\src\test\resources
2024-08-03 22:10:26,037 [Worker-62: Building] WARN  o.a.m.s.f.DefaultMavenResourcesFiltering - Using platform encoding (MS949 actually) to copy filtered resources, i.e. build is platform dependent!
2024-08-03 22:10:26,039 [Worker-62: Building] INFO  o.a.m.s.f.DefaultMavenResourcesFiltering - skip non existing resourceDirectory D:\study_2024\survey\donation\src\main\resources
2024-08-03 22:10:26,041 [Worker-62: Building] WARN  o.a.m.s.f.DefaultMavenResourcesFiltering - Using platform encoding (MS949 actually) to copy filtered resources, i.e. build is platform dependent!
2024-08-03 22:10:26,043 [Worker-62: Building] INFO  o.a.m.s.f.DefaultMavenResourcesFiltering - skip non existing resourceDirectory D:\study_2024\survey\donation\src\test\resources
2024-08-04 11:57:16,100 [Worker-4: Loading available Gradle versions] INFO  o.e.b.c.i.u.g.PublishedGradleVersions - Gradle version information cache is out-of-date. Trying to update.
2024-08-04 12:01:53,127 [Worker-4: Loading available Gradle versions] INFO  o.e.b.c.i.u.g.PublishedGradleVersions - Gradle version information cache is up-to-date. Trying to read.
2024-08-04 12:04:35,640 [Worker-7: Building] WARN  o.a.m.s.f.DefaultMavenResourcesFiltering - Using platform encoding (MS949 actually) to copy filtered resources, i.e. build is platform dependent!
2024-08-04 12:04:35,649 [Worker-7: Building] INFO  o.a.m.s.f.DefaultMavenResourcesFiltering - skip non existing resourceDirectory D:\study_2024\survey\donation\src\main\resources
2024-08-04 12:04:35,655 [Worker-7: Building] WARN  o.a.m.s.f.DefaultMavenResourcesFiltering - Using platform encoding (MS949 actually) to copy filtered resources, i.e. build is platform dependent!
2024-08-04 12:04:35,657 [Worker-7: Building] INFO  o.a.m.s.f.DefaultMavenResourcesFiltering - skip non existing resourceDirectory D:\study_2024\survey\donation\src\test\resources
2024-08-04 12:04:38,476 [Worker-17: Building] WARN  o.a.m.s.f.DefaultMavenResourcesFiltering - Using platform encoding (MS949 actually) to copy filtered resources, i.e. build is platform dependent!
2024-08-04 12:04:38,478 [Worker-17: Building] INFO  o.a.m.s.f.DefaultMavenResourcesFiltering - skip non existing resourceDirectory D:\study_2024\survey\donation\src\main\resources
2024-08-04 12:04:38,481 [Worker-17: Building] WARN  o.a.m.s.f.DefaultMavenResourcesFiltering - Using platform encoding (MS949 actually) to copy filtered resources, i.e. build is platform dependent!
2024-08-04 12:04:38,483 [Worker-17: Building] INFO  o.a.m.s.f.DefaultMavenResourcesFiltering - skip non existing resourceDirectory D:\study_2024\survey\donation\src\test\resources
2024-08-04 12:05:15,720 [Worker-19: Cleaning all projects] INFO  o.e.m.w.i.f.ResourceFilteringBuildParticipant - Cleaning filtered folder for donation
2024-08-04 12:05:15,915 [Worker-17: Building] WARN  o.a.m.s.f.DefaultMavenResourcesFiltering - Using platform encoding (MS949 actually) to copy filtered resources, i.e. build is platform dependent!
2024-08-04 12:05:15,917 [Worker-17: Building] INFO  o.a.m.s.f.DefaultMavenResourcesFiltering - skip non existing resourceDirectory D:\study_2024\survey\donation\src\main\resources
2024-08-04 12:05:15,923 [Worker-17: Building] WARN  o.a.m.s.f.DefaultMavenResourcesFiltering - Using platform encoding (MS949 actually) to copy filtered resources, i.e. build is platform dependent!
2024-08-04 12:05:15,925 [Worker-17: Building] INFO  o.a.m.s.f.DefaultMavenResourcesFiltering - skip non existing resourceDirectory D:\study_2024\survey\donation\src\test\resources
2024-08-04 12:05:15,925 [Worker-17: Building] INFO  o.e.m.w.i.f.ResourceFilteringBuildParticipant - Changed resources require a complete clean of filtered resources of donation
2024-08-04 12:05:15,928 [Worker-17: Building] INFO  o.e.m.w.i.f.ResourceFilteringBuildParticipant - Executing resource filtering for donation
2024-08-04 12:05:50,212 [Worker-7: Building] WARN  o.a.m.s.f.DefaultMavenResourcesFiltering - Using platform encoding (MS949 actually) to copy filtered resources, i.e. build is platform dependent!
2024-08-04 12:05:50,214 [Worker-7: Building] INFO  o.a.m.s.f.DefaultMavenResourcesFiltering - skip non existing resourceDirectory D:\study_2024\survey\donation\src\main\resources
2024-08-04 12:05:50,218 [Worker-7: Building] WARN  o.a.m.s.f.DefaultMavenResourcesFiltering - Using platform encoding (MS949 actually) to copy filtered resources, i.e. build is platform dependent!
2024-08-04 12:05:50,219 [Worker-7: Building] INFO  o.a.m.s.f.DefaultMavenResourcesFiltering - skip non existing resourceDirectory D:\study_2024\survey\donation\src\test\resources
2024-08-04 12:11:14,646 [Worker-24: Cleaning all projects] INFO  o.e.m.w.i.f.ResourceFilteringBuildParticipant - Cleaning filtered folder for donation
2024-08-04 12:11:14,884 [Worker-19: Building] WARN  o.a.m.s.f.DefaultMavenResourcesFiltering - Using platform encoding (MS949 actually) to copy filtered resources, i.e. build is platform dependent!
2024-08-04 12:11:14,886 [Worker-19: Building] INFO  o.a.m.s.f.DefaultMavenResourcesFiltering - skip non existing resourceDirectory D:\study_2024\survey\donation\src\main\resources
2024-08-04 12:11:14,889 [Worker-19: Building] WARN  o.a.m.s.f.DefaultMavenResourcesFiltering - Using platform encoding (MS949 actually) to copy filtered resources, i.e. build is platform dependent!
2024-08-04 12:11:14,891 [Worker-19: Building] INFO  o.a.m.s.f.DefaultMavenResourcesFiltering - skip non existing resourceDirectory D:\study_2024\survey\donation\src\test\resources
2024-08-04 12:11:14,891 [Worker-19: Building] INFO  o.e.m.w.i.f.ResourceFilteringBuildParticipant - Changed resources require a complete clean of filtered resources of donation
2024-08-04 12:11:14,892 [Worker-19: Building] INFO  o.e.m.w.i.f.ResourceFilteringBuildParticipant - Executing resource filtering for donation
2024-08-04 12:17:11,230 [Worker-32: Building] WARN  o.a.m.s.f.DefaultMavenResourcesFiltering - Using platform encoding (MS949 actually) to copy filtered resources, i.e. build is platform dependent!
2024-08-04 12:17:11,231 [Worker-32: Building] INFO  o.a.m.s.f.DefaultMavenResourcesFiltering - skip non existing resourceDirectory D:\study_2024\survey\donation\src\main\resources
2024-08-04 12:17:11,235 [Worker-32: Building] WARN  o.a.m.s.f.DefaultMavenResourcesFiltering - Using platform encoding (MS949 actually) to copy filtered resources, i.e. build is platform dependent!
2024-08-04 12:17:11,237 [Worker-32: Building] INFO  o.a.m.s.f.DefaultMavenResourcesFiltering - skip non existing resourceDirectory D:\study_2024\survey\donation\src\test\resources
2024-08-04 12:17:12,305 [Worker-34: Building] WARN  o.a.m.s.f.DefaultMavenResourcesFiltering - Using platform encoding (MS949 actually) to copy filtered resources, i.e. build is platform dependent!
2024-08-04 12:17:12,307 [Worker-34: Building] INFO  o.a.m.s.f.DefaultMavenResourcesFiltering - skip non existing resourceDirectory D:\study_2024\survey\donation\src\main\resources
2024-08-04 12:17:12,317 [Worker-34: Building] WARN  o.a.m.s.f.DefaultMavenResourcesFiltering - Using platform encoding (MS949 actually) to copy filtered resources, i.e. build is platform dependent!
2024-08-04 12:17:12,320 [Worker-34: Building] INFO  o.a.m.s.f.DefaultMavenResourcesFiltering - skip non existing resourceDirectory D:\study_2024\survey\donation\src\test\resources
2024-08-04 12:17:45,629 [Worker-32: Building] WARN  o.a.m.s.f.DefaultMavenResourcesFiltering - Using platform encoding (MS949 actually) to copy filtered resources, i.e. build is platform dependent!
2024-08-04 12:17:45,630 [Worker-32: Building] INFO  o.a.m.s.f.DefaultMavenResourcesFiltering - skip non existing resourceDirectory D:\study_2024\survey\donation\src\main\resources
2024-08-04 12:17:45,635 [Worker-32: Building] WARN  o.a.m.s.f.DefaultMavenResourcesFiltering - Using platform encoding (MS949 actually) to copy filtered resources, i.e. build is platform dependent!
2024-08-04 12:17:45,637 [Worker-32: Building] INFO  o.a.m.s.f.DefaultMavenResourcesFiltering - skip non existing resourceDirectory D:\study_2024\survey\donation\src\test\resources
2024-08-04 12:17:49,641 [Worker-31: Building] WARN  o.a.m.s.f.DefaultMavenResourcesFiltering - Using platform encoding (MS949 actually) to copy filtered resources, i.e. build is platform dependent!
2024-08-04 12:17:49,643 [Worker-31: Building] INFO  o.a.m.s.f.DefaultMavenResourcesFiltering - skip non existing resourceDirectory D:\study_2024\survey\donation\src\main\resources
2024-08-04 12:17:49,647 [Worker-31: Building] WARN  o.a.m.s.f.DefaultMavenResourcesFiltering - Using platform encoding (MS949 actually) to copy filtered resources, i.e. build is platform dependent!
2024-08-04 12:17:49,648 [Worker-31: Building] INFO  o.a.m.s.f.DefaultMavenResourcesFiltering - skip non existing resourceDirectory D:\study_2024\survey\donation\src\test\resources
2024-08-04 12:17:56,379 [Worker-34: Building] WARN  o.a.m.s.f.DefaultMavenResourcesFiltering - Using platform encoding (MS949 actually) to copy filtered resources, i.e. build is platform dependent!
2024-08-04 12:17:56,381 [Worker-34: Building] INFO  o.a.m.s.f.DefaultMavenResourcesFiltering - skip non existing resourceDirectory D:\study_2024\survey\donation\src\main\resources
2024-08-04 12:17:56,385 [Worker-34: Building] WARN  o.a.m.s.f.DefaultMavenResourcesFiltering - Using platform encoding (MS949 actually) to copy filtered resources, i.e. build is platform dependent!
2024-08-04 12:17:56,386 [Worker-34: Building] INFO  o.a.m.s.f.DefaultMavenResourcesFiltering - skip non existing resourceDirectory D:\study_2024\survey\donation\src\test\resources
2024-08-04 12:18:01,727 [Worker-35: Building] WARN  o.a.m.s.f.DefaultMavenResourcesFiltering - Using platform encoding (MS949 actually) to copy filtered resources, i.e. build is platform dependent!
2024-08-04 12:18:01,728 [Worker-35: Building] INFO  o.a.m.s.f.DefaultMavenResourcesFiltering - skip non existing resourceDirectory D:\study_2024\survey\donation\src\main\resources
2024-08-04 12:18:01,732 [Worker-35: Building] WARN  o.a.m.s.f.DefaultMavenResourcesFiltering - Using platform encoding (MS949 actually) to copy filtered resources, i.e. build is platform dependent!
2024-08-04 12:18:01,733 [Worker-35: Building] INFO  o.a.m.s.f.DefaultMavenResourcesFiltering - skip non existing resourceDirectory D:\study_2024\survey\donation\src\test\resources
2024-08-04 12:18:30,766 [Worker-35: Building] WARN  o.a.m.s.f.DefaultMavenResourcesFiltering - Using platform encoding (MS949 actually) to copy filtered resources, i.e. build is platform dependent!
2024-08-04 12:18:30,767 [Worker-35: Building] INFO  o.a.m.s.f.DefaultMavenResourcesFiltering - skip non existing resourceDirectory D:\study_2024\survey\donation\src\main\resources
2024-08-04 12:18:30,772 [Worker-35: Building] WARN  o.a.m.s.f.DefaultMavenResourcesFiltering - Using platform encoding (MS949 actually) to copy filtered resources, i.e. build is platform dependent!
2024-08-04 12:18:30,773 [Worker-35: Building] INFO  o.a.m.s.f.DefaultMavenResourcesFiltering - skip non existing resourceDirectory D:\study_2024\survey\donation\src\test\resources
2024-08-04 12:19:03,326 [Worker-35: Building] WARN  o.a.m.s.f.DefaultMavenResourcesFiltering - Using platform encoding (MS949 actually) to copy filtered resources, i.e. build is platform dependent!
2024-08-04 12:19:03,328 [Worker-35: Building] INFO  o.a.m.s.f.DefaultMavenResourcesFiltering - skip non existing resourceDirectory D:\study_2024\survey\donation\src\main\resources
2024-08-04 12:19:03,332 [Worker-35: Building] WARN  o.a.m.s.f.DefaultMavenResourcesFiltering - Using platform encoding (MS949 actually) to copy filtered resources, i.e. build is platform dependent!
2024-08-04 12:19:03,333 [Worker-35: Building] INFO  o.a.m.s.f.DefaultMavenResourcesFiltering - skip non existing resourceDirectory D:\study_2024\survey\donation\src\test\resources
2024-08-04 12:20:51,682 [Worker-28: Cleaning all projects] INFO  o.e.m.w.i.f.ResourceFilteringBuildParticipant - Cleaning filtered folder for donation
2024-08-04 12:20:51,916 [Worker-36: Building] WARN  o.a.m.s.f.DefaultMavenResourcesFiltering - Using platform encoding (MS949 actually) to copy filtered resources, i.e. build is platform dependent!
2024-08-04 12:20:51,917 [Worker-36: Building] INFO  o.a.m.s.f.DefaultMavenResourcesFiltering - skip non existing resourceDirectory D:\study_2024\survey\donation\src\main\resources
2024-08-04 12:20:51,922 [Worker-36: Building] WARN  o.a.m.s.f.DefaultMavenResourcesFiltering - Using platform encoding (MS949 actually) to copy filtered resources, i.e. build is platform dependent!
2024-08-04 12:20:51,923 [Worker-36: Building] INFO  o.a.m.s.f.DefaultMavenResourcesFiltering - skip non existing resourceDirectory D:\study_2024\survey\donation\src\test\resources
2024-08-04 12:20:51,924 [Worker-36: Building] INFO  o.e.m.w.i.f.ResourceFilteringBuildParticipant - Changed resources require a complete clean of filtered resources of donation
2024-08-04 12:20:51,924 [Worker-36: Building] INFO  o.e.m.w.i.f.ResourceFilteringBuildParticipant - Executing resource filtering for donation
2024-08-04 12:25:44,417 [Worker-38: Building] INFO  o.e.m.c.i.l.LifecycleMappingFactory - Using org.maven.ide.eclipse.wtp.WarLifecycleMapping lifecycle mapping for MavenProject: com.example:donation:1.0-SNAPSHOT @ D:\study_2024\survey\donation\pom.xml.
2024-08-04 12:25:44,664 [Worker-38: Building] INFO  o.e.m.c.i.e.AbstractTransferListenerAdapter - Downloading https://repo.maven.apache.org/maven2/javax/servlet/jsp/javax.servlet.jsp-api/2.3.3/javax.servlet.jsp-api-2.3.3.pom
2024-08-04 12:25:44,686 [Worker-38: Building] INFO  o.e.m.c.i.e.AbstractTransferListenerAdapter - Downloaded https://repo.maven.apache.org/maven2/javax/servlet/jsp/javax.servlet.jsp-api/2.3.3/javax.servlet.jsp-api-2.3.3.pom
2024-08-04 12:25:44,712 [Worker-38: Building] INFO  o.e.m.c.i.e.AbstractTransferListenerAdapter - Downloading https://repo.maven.apache.org/maven2/net/java/jvnet-parent/5/jvnet-parent-5.pom
2024-08-04 12:25:44,739 [Worker-38: Building] INFO  o.e.m.c.i.e.AbstractTransferListenerAdapter - Downloaded https://repo.maven.apache.org/maven2/net/java/jvnet-parent/5/jvnet-parent-5.pom
2024-08-04 12:25:44,771 [Worker-38: Building] INFO  o.e.m.c.i.e.AbstractTransferListenerAdapter - Downloading https://repo.maven.apache.org/maven2/javax/servlet/jsp/javax.servlet.jsp-api/2.3.3/javax.servlet.jsp-api-2.3.3.jar
2024-08-04 12:25:44,810 [Worker-38: Building] INFO  o.e.m.c.i.e.AbstractTransferListenerAdapter - Downloaded https://repo.maven.apache.org/maven2/javax/servlet/jsp/javax.servlet.jsp-api/2.3.3/javax.servlet.jsp-api-2.3.3.jar
2024-08-04 12:25:46,132 [Worker-38: Building] WARN  o.a.m.s.f.DefaultMavenResourcesFiltering - Using platform encoding (MS949 actually) to copy filtered resources, i.e. build is platform dependent!
2024-08-04 12:25:46,134 [Worker-38: Building] INFO  o.a.m.s.f.DefaultMavenResourcesFiltering - skip non existing resourceDirectory D:\study_2024\survey\donation\src\main\resources
2024-08-04 12:25:46,138 [Worker-38: Building] WARN  o.a.m.s.f.DefaultMavenResourcesFiltering - Using platform encoding (MS949 actually) to copy filtered resources, i.e. build is platform dependent!
2024-08-04 12:25:46,139 [Worker-38: Building] INFO  o.a.m.s.f.DefaultMavenResourcesFiltering - skip non existing resourceDirectory D:\study_2024\survey\donation\src\test\resources
2024-08-04 12:25:46,140 [Worker-38: Building] INFO  o.e.m.w.i.f.ResourceFilteringBuildParticipant - Changed resources require a complete clean of filtered resources of donation
2024-08-04 12:25:46,140 [Worker-38: Building] INFO  o.e.m.w.i.f.ResourceFilteringBuildParticipant - Executing resource filtering for donation
2024-08-04 12:25:46,864 [Worker-38: Download sources and javadoc] INFO  o.e.m.c.i.e.AbstractTransferListenerAdapter - Downloading https://repo.maven.apache.org/maven2/javax/servlet/jsp/javax.servlet.jsp-api/2.3.3/javax.servlet.jsp-api-2.3.3-sources.jar
2024-08-04 12:25:46,974 [Worker-38: Download sources and javadoc] INFO  o.e.m.c.i.e.AbstractTransferListenerAdapter - Downloaded https://repo.maven.apache.org/maven2/javax/servlet/jsp/javax.servlet.jsp-api/2.3.3/javax.servlet.jsp-api-2.3.3-sources.jar
2024-08-04 12:25:46,983 [Worker-38: Download sources and javadoc] INFO  o.e.m.j.internal.DownloadSourcesJob - Downloaded sources for javax.servlet.jsp:javax.servlet.jsp-api:2.3.3
2024-08-04 12:25:51,993 [Worker-32: Cleaning all projects] INFO  o.e.m.w.i.f.ResourceFilteringBuildParticipant - Cleaning filtered folder for donation
2024-08-04 12:25:52,232 [Worker-38: Building] WARN  o.a.m.s.f.DefaultMavenResourcesFiltering - Using platform encoding (MS949 actually) to copy filtered resources, i.e. build is platform dependent!
2024-08-04 12:25:52,234 [Worker-38: Building] INFO  o.a.m.s.f.DefaultMavenResourcesFiltering - skip non existing resourceDirectory D:\study_2024\survey\donation\src\main\resources
2024-08-04 12:25:52,237 [Worker-38: Building] WARN  o.a.m.s.f.DefaultMavenResourcesFiltering - Using platform encoding (MS949 actually) to copy filtered resources, i.e. build is platform dependent!
2024-08-04 12:25:52,238 [Worker-38: Building] INFO  o.a.m.s.f.DefaultMavenResourcesFiltering - skip non existing resourceDirectory D:\study_2024\survey\donation\src\test\resources
2024-08-04 12:25:52,238 [Worker-38: Building] INFO  o.e.m.w.i.f.ResourceFilteringBuildParticipant - Changed resources require a complete clean of filtered resources of donation
2024-08-04 12:25:52,238 [Worker-38: Building] INFO  o.e.m.w.i.f.ResourceFilteringBuildParticipant - Executing resource filtering for donation
2024-08-04 12:32:59,831 [Worker-46: Building] INFO  o.e.m.c.i.l.LifecycleMappingFactory - Using org.maven.ide.eclipse.wtp.WarLifecycleMapping lifecycle mapping for MavenProject: com.example:donation:1.0-SNAPSHOT @ D:\study_2024\survey\donation\pom.xml.
2024-08-04 12:33:01,105 [Worker-46: Building] WARN  o.a.m.s.f.DefaultMavenResourcesFiltering - Using platform encoding (MS949 actually) to copy filtered resources, i.e. build is platform dependent!
2024-08-04 12:33:01,107 [Worker-46: Building] INFO  o.a.m.s.f.DefaultMavenResourcesFiltering - skip non existing resourceDirectory D:\study_2024\survey\donation\src\main\resources
2024-08-04 12:33:01,111 [Worker-46: Building] WARN  o.a.m.s.f.DefaultMavenResourcesFiltering - Using platform encoding (MS949 actually) to copy filtered resources, i.e. build is platform dependent!
2024-08-04 12:33:01,112 [Worker-46: Building] INFO  o.a.m.s.f.DefaultMavenResourcesFiltering - skip non existing resourceDirectory D:\study_2024\survey\donation\src\test\resources
2024-08-04 12:33:01,113 [Worker-46: Building] INFO  o.e.m.w.i.f.ResourceFilteringBuildParticipant - Changed resources require a complete clean of filtered resources of donation
2024-08-04 12:33:01,113 [Worker-46: Building] INFO  o.e.m.w.i.f.ResourceFilteringBuildParticipant - Executing resource filtering for donation
2024-08-04 12:35:05,499 [Worker-45: Updating Maven Project] INFO  o.e.m.c.i.p.ProjectConfigurationManager - Update started
2024-08-04 12:35:05,856 [Worker-45: Updating Maven Project] INFO  o.e.m.c.i.l.LifecycleMappingFactory - Using org.maven.ide.eclipse.wtp.WarLifecycleMapping lifecycle mapping for MavenProject: com.example:donation:1.0-SNAPSHOT @ D:\study_2024\survey\donation\pom.xml.
2024-08-04 12:35:07,126 [Worker-45: Updating Maven Project] INFO  o.e.m.j.i.AbstractJavaProjectConfigurator - Adding source folder /donation/src/main/java
2024-08-04 12:35:07,127 [Worker-45: Updating Maven Project] INFO  o.e.m.j.i.AbstractJavaProjectConfigurator - Adding resource folder /donation/src/main/resources
2024-08-04 12:35:07,128 [Worker-45: Updating Maven Project] INFO  o.e.m.j.i.AbstractJavaProjectConfigurator - Adding source folder /donation/src/test/java
2024-08-04 12:35:07,129 [Worker-45: Updating Maven Project] INFO  o.e.m.j.i.AbstractJavaProjectConfigurator - Adding resource folder /donation/src/test/resources
2024-08-04 12:35:08,317 [Worker-45: Updating Maven Project] INFO  o.e.m.w.i.f.ResourceFilteringBuildParticipant - Cleaning filtered folder for donation
2024-08-04 12:35:08,374 [Worker-45: Updating Maven Project] INFO  o.e.m.c.i.p.ProjectConfigurationManager - Update completed for 1 poms: local refresh takes 0.00 sec, refresh facades takes 1.00 sec, update config takes 1.00 sec 
2024-08-04 12:35:08,540 [Worker-48: Building] WARN  o.a.m.s.f.DefaultMavenResourcesFiltering - Using platform encoding (MS949 actually) to copy filtered resources, i.e. build is platform dependent!
2024-08-04 12:35:08,542 [Worker-48: Building] INFO  o.a.m.s.f.DefaultMavenResourcesFiltering - skip non existing resourceDirectory D:\study_2024\survey\donation\src\main\resources
2024-08-04 12:35:08,547 [Worker-48: Building] WARN  o.a.m.s.f.DefaultMavenResourcesFiltering - Using platform encoding (MS949 actually) to copy filtered resources, i.e. build is platform dependent!
2024-08-04 12:35:08,549 [Worker-48: Building] INFO  o.a.m.s.f.DefaultMavenResourcesFiltering - skip non existing resourceDirectory D:\study_2024\survey\donation\src\test\resources
2024-08-04 12:35:08,549 [Worker-48: Building] INFO  o.e.m.w.i.f.ResourceFilteringBuildParticipant - Changed resources require a complete clean of filtered resources of donation
2024-08-04 12:35:08,549 [Worker-48: Building] INFO  o.e.m.w.i.f.ResourceFilteringBuildParticipant - Executing resource filtering for donation
2024-08-04 12:35:12,105 [Worker-47: Cleaning all projects] INFO  o.e.m.w.i.f.ResourceFilteringBuildParticipant - Cleaning filtered folder for donation
2024-08-04 12:35:12,313 [Worker-54: Building] WARN  o.a.m.s.f.DefaultMavenResourcesFiltering - Using platform encoding (MS949 actually) to copy filtered resources, i.e. build is platform dependent!
2024-08-04 12:35:12,315 [Worker-54: Building] INFO  o.a.m.s.f.DefaultMavenResourcesFiltering - skip non existing resourceDirectory D:\study_2024\survey\donation\src\main\resources
2024-08-04 12:35:12,317 [Worker-54: Building] WARN  o.a.m.s.f.DefaultMavenResourcesFiltering - Using platform encoding (MS949 actually) to copy filtered resources, i.e. build is platform dependent!
2024-08-04 12:35:12,319 [Worker-54: Building] INFO  o.a.m.s.f.DefaultMavenResourcesFiltering - skip non existing resourceDirectory D:\study_2024\survey\donation\src\test\resources
2024-08-04 12:35:12,319 [Worker-54: Building] INFO  o.e.m.w.i.f.ResourceFilteringBuildParticipant - Changed resources require a complete clean of filtered resources of donation
2024-08-04 12:35:12,319 [Worker-54: Building] INFO  o.e.m.w.i.f.ResourceFilteringBuildParticipant - Executing resource filtering for donation
2024-08-04 12:36:38,651 [Worker-48: Building] INFO  o.e.m.c.i.l.LifecycleMappingFactory - Using org.maven.ide.eclipse.wtp.WarLifecycleMapping lifecycle mapping for MavenProject: com.example:donation:1.0-SNAPSHOT @ D:\study_2024\survey\donation\pom.xml.
2024-08-04 12:36:38,718 [Worker-48: Building] INFO  o.e.m.c.i.e.AbstractTransferListenerAdapter - Downloaded https://repo.maven.apache.org/maven2/javax/servlet/javax.servlet-api/2.3.3/javax.servlet-api-2.3.3.pom
2024-08-04 12:36:38,722 [Worker-48: Building] WARN  o.e.m.c.i.embedder.EclipseLogger - The POM for javax.servlet:javax.servlet-api:jar:2.3.3 is missing, no dependency information available
2024-08-04 12:36:38,739 [Worker-48: Building] INFO  o.e.m.c.i.e.AbstractTransferListenerAdapter - Downloaded https://repo.maven.apache.org/maven2/javax/servlet/javax.servlet-api/2.3.3/javax.servlet-api-2.3.3.jar
2024-08-04 12:36:39,602 [Worker-48: Building] WARN  o.a.m.s.f.DefaultMavenResourcesFiltering - Using platform encoding (MS949 actually) to copy filtered resources, i.e. build is platform dependent!
2024-08-04 12:36:39,604 [Worker-48: Building] INFO  o.a.m.s.f.DefaultMavenResourcesFiltering - skip non existing resourceDirectory D:\study_2024\survey\donation\src\main\resources
2024-08-04 12:36:39,608 [Worker-48: Building] WARN  o.a.m.s.f.DefaultMavenResourcesFiltering - Using platform encoding (MS949 actually) to copy filtered resources, i.e. build is platform dependent!
2024-08-04 12:36:39,609 [Worker-48: Building] INFO  o.a.m.s.f.DefaultMavenResourcesFiltering - skip non existing resourceDirectory D:\study_2024\survey\donation\src\test\resources
2024-08-04 12:36:39,610 [Worker-48: Building] INFO  o.e.m.w.i.f.ResourceFilteringBuildParticipant - Changed resources require a complete clean of filtered resources of donation
2024-08-04 12:36:39,610 [Worker-48: Building] INFO  o.e.m.w.i.f.ResourceFilteringBuildParticipant - Executing resource filtering for donation
2024-08-04 12:36:40,832 [Worker-50: Download sources and javadoc] INFO  o.e.m.c.i.e.AbstractTransferListenerAdapter - Downloaded https://repo.maven.apache.org/maven2/javax/servlet/javax.servlet-api/2.3.3/javax.servlet-api-2.3.3-sources.jar
2024-08-04 12:36:40,840 [Worker-50: Download sources and javadoc] ERROR o.e.m.j.internal.DownloadSourcesJob - Could not download sources for javax.servlet:javax.servlet-api:2.3.3
org.eclipse.core.runtime.CoreException: Could not resolve artifact javax.servlet:javax.servlet-api:jar:sources:2.3.3
	at org.eclipse.m2e.core.internal.embedder.MavenImpl.lambda$6(MavenImpl.java:584)
	at org.eclipse.m2e.core.internal.embedder.MavenExecutionContext.executeBare(MavenExecutionContext.java:394)
	at org.eclipse.m2e.core.internal.embedder.MavenExecutionContext.execute(MavenExecutionContext.java:228)
	at org.eclipse.m2e.core.internal.embedder.MavenExecutionContext.execute(MavenExecutionContext.java:214)
	at org.eclipse.m2e.core.internal.embedder.MavenImpl.resolve(MavenImpl.java:553)
	at org.eclipse.m2e.core.internal.embedder.MavenImpl.resolve(MavenImpl.java:538)
	at org.eclipse.m2e.jdt.internal.DownloadSourcesJob.download(DownloadSourcesJob.java:308)
	at org.eclipse.m2e.jdt.internal.DownloadSourcesJob.downloadAttachments(DownloadSourcesJob.java:282)
	at org.eclipse.m2e.jdt.internal.DownloadSourcesJob.downloadMaven(DownloadSourcesJob.java:252)
	at org.eclipse.m2e.jdt.internal.DownloadSourcesJob.downloadFilesAndPopulateToUpdate(DownloadSourcesJob.java:220)
	at org.eclipse.m2e.jdt.internal.DownloadSourcesJob.lambda$0(DownloadSourcesJob.java:149)
	at org.eclipse.m2e.core.internal.embedder.MavenExecutionContext.executeBare(MavenExecutionContext.java:394)
	at org.eclipse.m2e.core.internal.embedder.MavenExecutionContext.execute(MavenExecutionContext.java:275)
	at org.eclipse.m2e.core.internal.embedder.MavenExecutionContext.execute(MavenExecutionContext.java:214)
	at org.eclipse.m2e.core.embedder.IMaven.execute(IMaven.java:294)
	at org.eclipse.m2e.jdt.internal.DownloadSourcesJob.run(DownloadSourcesJob.java:149)
	at org.eclipse.core.internal.jobs.Worker.run(Worker.java:63)
2024-08-04 12:36:47,955 [Worker-50: Building] INFO  o.e.m.c.i.l.LifecycleMappingFactory - Using org.maven.ide.eclipse.wtp.WarLifecycleMapping lifecycle mapping for MavenProject: com.example:donation:1.0-SNAPSHOT @ D:\study_2024\survey\donation\pom.xml.
2024-08-04 12:36:48,010 [Worker-50: Building] INFO  o.e.m.c.i.e.AbstractTransferListenerAdapter - Downloaded https://repo.maven.apache.org/maven2/javax/servlet/javax.servlet-jsp-api/2.3.3/javax.servlet-jsp-api-2.3.3.pom
2024-08-04 12:36:48,014 [Worker-50: Building] WARN  o.e.m.c.i.embedder.EclipseLogger - The POM for javax.servlet:javax.servlet-jsp-api:jar:2.3.3 is missing, no dependency information available
2024-08-04 12:36:48,032 [Worker-50: Building] INFO  o.e.m.c.i.e.AbstractTransferListenerAdapter - Downloaded https://repo.maven.apache.org/maven2/javax/servlet/javax.servlet-jsp-api/2.3.3/javax.servlet-jsp-api-2.3.3.jar
2024-08-04 12:36:48,864 [Worker-50: Building] WARN  o.a.m.s.f.DefaultMavenResourcesFiltering - Using platform encoding (MS949 actually) to copy filtered resources, i.e. build is platform dependent!
2024-08-04 12:36:48,866 [Worker-50: Building] INFO  o.a.m.s.f.DefaultMavenResourcesFiltering - skip non existing resourceDirectory D:\study_2024\survey\donation\src\main\resources
2024-08-04 12:36:48,870 [Worker-50: Building] WARN  o.a.m.s.f.DefaultMavenResourcesFiltering - Using platform encoding (MS949 actually) to copy filtered resources, i.e. build is platform dependent!
2024-08-04 12:36:48,872 [Worker-50: Building] INFO  o.a.m.s.f.DefaultMavenResourcesFiltering - skip non existing resourceDirectory D:\study_2024\survey\donation\src\test\resources
2024-08-04 12:36:48,872 [Worker-50: Building] INFO  o.e.m.w.i.f.ResourceFilteringBuildParticipant - Changed resources require a complete clean of filtered resources of donation
2024-08-04 12:36:48,872 [Worker-50: Building] INFO  o.e.m.w.i.f.ResourceFilteringBuildParticipant - Executing resource filtering for donation
2024-08-04 12:36:50,048 [Worker-55: Download sources and javadoc] INFO  o.e.m.c.i.e.AbstractTransferListenerAdapter - Downloaded https://repo.maven.apache.org/maven2/javax/servlet/javax.servlet-jsp-api/2.3.3/javax.servlet-jsp-api-2.3.3-sources.jar
2024-08-04 12:36:50,071 [Worker-55: Download sources and javadoc] ERROR o.e.m.j.internal.DownloadSourcesJob - Could not download sources for javax.servlet:javax.servlet-jsp-api:2.3.3
org.eclipse.core.runtime.CoreException: Could not resolve artifact javax.servlet:javax.servlet-jsp-api:jar:sources:2.3.3
	at org.eclipse.m2e.core.internal.embedder.MavenImpl.lambda$6(MavenImpl.java:584)
	at org.eclipse.m2e.core.internal.embedder.MavenExecutionContext.executeBare(MavenExecutionContext.java:394)
	at org.eclipse.m2e.core.internal.embedder.MavenExecutionContext.execute(MavenExecutionContext.java:228)
	at org.eclipse.m2e.core.internal.embedder.MavenExecutionContext.execute(MavenExecutionContext.java:214)
	at org.eclipse.m2e.core.internal.embedder.MavenImpl.resolve(MavenImpl.java:553)
	at org.eclipse.m2e.core.internal.embedder.MavenImpl.resolve(MavenImpl.java:538)
	at org.eclipse.m2e.jdt.internal.DownloadSourcesJob.download(DownloadSourcesJob.java:308)
	at org.eclipse.m2e.jdt.internal.DownloadSourcesJob.downloadAttachments(DownloadSourcesJob.java:282)
	at org.eclipse.m2e.jdt.internal.DownloadSourcesJob.downloadMaven(DownloadSourcesJob.java:252)
	at org.eclipse.m2e.jdt.internal.DownloadSourcesJob.downloadFilesAndPopulateToUpdate(DownloadSourcesJob.java:220)
	at org.eclipse.m2e.jdt.internal.DownloadSourcesJob.lambda$0(DownloadSourcesJob.java:149)
	at org.eclipse.m2e.core.internal.embedder.MavenExecutionContext.executeBare(MavenExecutionContext.java:394)
	at org.eclipse.m2e.core.internal.embedder.MavenExecutionContext.execute(MavenExecutionContext.java:275)
	at org.eclipse.m2e.core.internal.embedder.MavenExecutionContext.execute(MavenExecutionContext.java:214)
	at org.eclipse.m2e.core.embedder.IMaven.execute(IMaven.java:294)
	at org.eclipse.m2e.jdt.internal.DownloadSourcesJob.run(DownloadSourcesJob.java:149)
	at org.eclipse.core.internal.jobs.Worker.run(Worker.java:63)
2024-08-04 12:37:02,711 [Worker-54: Building] WARN  o.a.m.s.f.DefaultMavenResourcesFiltering - Using platform encoding (MS949 actually) to copy filtered resources, i.e. build is platform dependent!
2024-08-04 12:37:02,713 [Worker-54: Building] INFO  o.a.m.s.f.DefaultMavenResourcesFiltering - skip non existing resourceDirectory D:\study_2024\survey\donation\src\main\resources
2024-08-04 12:37:02,716 [Worker-54: Building] WARN  o.a.m.s.f.DefaultMavenResourcesFiltering - Using platform encoding (MS949 actually) to copy filtered resources, i.e. build is platform dependent!
2024-08-04 12:37:02,717 [Worker-54: Building] INFO  o.a.m.s.f.DefaultMavenResourcesFiltering - skip non existing resourceDirectory D:\study_2024\survey\donation\src\test\resources
2024-08-04 12:38:19,182 [Worker-0: Loading available Gradle versions] INFO  o.e.b.c.i.u.g.PublishedGradleVersions - Gradle version information cache is up-to-date. Trying to read.
2024-08-04 12:38:20,079 [Worker-1: reload maven project] WARN  o.e.m.c.i.embedder.EclipseLogger - The POM for javax.servlet:javax.servlet-jsp-api:jar:2.3.3 is missing, no dependency information available
2024-08-04 12:40:02,146 [Worker-16: Building] INFO  o.e.m.c.i.l.LifecycleMappingFactory - Using org.maven.ide.eclipse.wtp.WarLifecycleMapping lifecycle mapping for MavenProject: com.example:donation:1.0-SNAPSHOT @ D:\study_2024\survey\donation\pom.xml.
2024-08-04 12:40:03,837 [Worker-16: Building] WARN  o.a.m.s.f.DefaultMavenResourcesFiltering - Using platform encoding (MS949 actually) to copy filtered resources, i.e. build is platform dependent!
2024-08-04 12:40:03,840 [Worker-16: Building] INFO  o.a.m.s.f.DefaultMavenResourcesFiltering - skip non existing resourceDirectory D:\study_2024\survey\donation\src\main\resources
2024-08-04 12:40:03,850 [Worker-16: Building] WARN  o.a.m.s.f.DefaultMavenResourcesFiltering - Using platform encoding (MS949 actually) to copy filtered resources, i.e. build is platform dependent!
2024-08-04 12:40:03,853 [Worker-16: Building] INFO  o.a.m.s.f.DefaultMavenResourcesFiltering - skip non existing resourceDirectory D:\study_2024\survey\donation\src\test\resources
2024-08-04 12:40:03,855 [Worker-16: Building] INFO  o.e.m.w.i.f.ResourceFilteringBuildParticipant - Changed resources require a complete clean of filtered resources of donation
2024-08-04 12:40:03,856 [Worker-16: Building] INFO  o.e.m.w.i.f.ResourceFilteringBuildParticipant - Executing resource filtering for donation
2024-08-04 12:41:59,509 [Worker-23: Building] INFO  o.e.m.c.i.l.LifecycleMappingFactory - Using org.maven.ide.eclipse.wtp.WarLifecycleMapping lifecycle mapping for MavenProject: com.example:donation:1.0-SNAPSHOT @ D:\study_2024\survey\donation\pom.xml.
2024-08-04 12:42:00,614 [Worker-23: Building] WARN  o.a.m.s.f.DefaultMavenResourcesFiltering - Using platform encoding (MS949 actually) to copy filtered resources, i.e. build is platform dependent!
2024-08-04 12:42:00,615 [Worker-23: Building] INFO  o.a.m.s.f.DefaultMavenResourcesFiltering - skip non existing resourceDirectory D:\study_2024\survey\donation\src\main\resources
2024-08-04 12:42:00,620 [Worker-23: Building] WARN  o.a.m.s.f.DefaultMavenResourcesFiltering - Using platform encoding (MS949 actually) to copy filtered resources, i.e. build is platform dependent!
2024-08-04 12:42:00,622 [Worker-23: Building] INFO  o.a.m.s.f.DefaultMavenResourcesFiltering - skip non existing resourceDirectory D:\study_2024\survey\donation\src\test\resources
2024-08-04 12:42:00,623 [Worker-23: Building] INFO  o.e.m.w.i.f.ResourceFilteringBuildParticipant - Changed resources require a complete clean of filtered resources of donation
2024-08-04 12:42:00,623 [Worker-23: Building] INFO  o.e.m.w.i.f.ResourceFilteringBuildParticipant - Executing resource filtering for donation
2024-08-04 12:42:29,316 [Worker-18: Updating Maven Project] INFO  o.e.m.c.i.p.ProjectConfigurationManager - Update started
2024-08-04 12:42:29,811 [Worker-18: Updating Maven Project] INFO  o.e.m.c.i.l.LifecycleMappingFactory - Using org.maven.ide.eclipse.wtp.WarLifecycleMapping lifecycle mapping for MavenProject: com.example:donation:1.0-SNAPSHOT @ D:\study_2024\survey\donation\pom.xml.
2024-08-04 12:42:30,780 [Worker-18: Updating Maven Project] INFO  o.e.m.j.i.AbstractJavaProjectConfigurator - Adding source folder /donation/src/main/java
2024-08-04 12:42:30,780 [Worker-18: Updating Maven Project] INFO  o.e.m.j.i.AbstractJavaProjectConfigurator - Adding resource folder /donation/src/main/resources
2024-08-04 12:42:30,781 [Worker-18: Updating Maven Project] INFO  o.e.m.j.i.AbstractJavaProjectConfigurator - Adding source folder /donation/src/test/java
2024-08-04 12:42:30,782 [Worker-18: Updating Maven Project] INFO  o.e.m.j.i.AbstractJavaProjectConfigurator - Adding resource folder /donation/src/test/resources
2024-08-04 12:42:31,975 [Worker-18: Updating Maven Project] INFO  o.e.m.w.i.f.ResourceFilteringBuildParticipant - Cleaning filtered folder for donation
2024-08-04 12:42:32,057 [Worker-18: Updating Maven Project] INFO  o.e.m.c.i.p.ProjectConfigurationManager - Update completed for 1 poms: local refresh takes 0.00 sec, refresh facades takes 1.00 sec, update config takes 1.00 sec 
2024-08-04 12:42:32,235 [Worker-18: Building] WARN  o.a.m.s.f.DefaultMavenResourcesFiltering - Using platform encoding (MS949 actually) to copy filtered resources, i.e. build is platform dependent!
2024-08-04 12:42:32,237 [Worker-18: Building] INFO  o.a.m.s.f.DefaultMavenResourcesFiltering - skip non existing resourceDirectory D:\study_2024\survey\donation\src\main\resources
2024-08-04 12:42:32,242 [Worker-18: Building] WARN  o.a.m.s.f.DefaultMavenResourcesFiltering - Using platform encoding (MS949 actually) to copy filtered resources, i.e. build is platform dependent!
2024-08-04 12:42:32,245 [Worker-18: Building] INFO  o.a.m.s.f.DefaultMavenResourcesFiltering - skip non existing resourceDirectory D:\study_2024\survey\donation\src\test\resources
2024-08-04 12:42:32,245 [Worker-18: Building] INFO  o.e.m.w.i.f.ResourceFilteringBuildParticipant - Changed resources require a complete clean of filtered resources of donation
2024-08-04 12:42:32,245 [Worker-18: Building] INFO  o.e.m.w.i.f.ResourceFilteringBuildParticipant - Executing resource filtering for donation
2024-08-04 12:44:39,000 [Worker-18: Building] WARN  o.a.m.s.f.DefaultMavenResourcesFiltering - Using platform encoding (MS949 actually) to copy filtered resources, i.e. build is platform dependent!
2024-08-04 12:44:39,013 [Worker-18: Building] INFO  o.a.m.s.f.DefaultMavenResourcesFiltering - Copying 0 resource from src\main\resources to target\classes
2024-08-04 12:44:39,028 [Worker-18: Building] WARN  o.a.m.s.f.DefaultMavenResourcesFiltering - Using platform encoding (MS949 actually) to copy filtered resources, i.e. build is platform dependent!
2024-08-04 12:44:39,036 [Worker-18: Building] INFO  o.a.m.s.f.DefaultMavenResourcesFiltering - Copying 0 resource from src\test\resources to target\test-classes
2024-08-04 12:51:34,823 [Worker-34: Building] WARN  o.a.m.s.f.DefaultMavenResourcesFiltering - Using platform encoding (MS949 actually) to copy filtered resources, i.e. build is platform dependent!
2024-08-04 12:51:34,828 [Worker-34: Building] INFO  o.a.m.s.f.DefaultMavenResourcesFiltering - Copying 0 resource from src\main\resources to target\classes
2024-08-04 12:51:34,831 [Worker-34: Building] WARN  o.a.m.s.f.DefaultMavenResourcesFiltering - Using platform encoding (MS949 actually) to copy filtered resources, i.e. build is platform dependent!
2024-08-04 12:51:34,836 [Worker-34: Building] INFO  o.a.m.s.f.DefaultMavenResourcesFiltering - Copying 0 resource from src\test\resources to target\test-classes
2024-08-04 12:57:47,827 [Worker-36: Building] WARN  o.a.m.s.f.DefaultMavenResourcesFiltering - Using platform encoding (MS949 actually) to copy filtered resources, i.e. build is platform dependent!
2024-08-04 12:57:47,831 [Worker-36: Building] INFO  o.a.m.s.f.DefaultMavenResourcesFiltering - Copying 0 resource from src\main\resources to target\classes
2024-08-04 12:57:47,834 [Worker-36: Building] WARN  o.a.m.s.f.DefaultMavenResourcesFiltering - Using platform encoding (MS949 actually) to copy filtered resources, i.e. build is platform dependent!
2024-08-04 12:57:47,837 [Worker-36: Building] INFO  o.a.m.s.f.DefaultMavenResourcesFiltering - Copying 0 resource from src\test\resources to target\test-classes
